<?xml version="1.0" encoding="UTF-8"?>
<testsuite name="com.example.project.TestDay4" tests="4" skipped="0" failures="0" errors="0" timestamp="2025-01-08T13:28:11" hostname="codespaces-d6398e" time="0.051">
  <properties/>
  <testcase name="testSimulateRaceLongerDuration()" classname="com.example.project.TestDay4" time="0.008"/>
  <testcase name="testSimulateSecondRunning()" classname="com.example.project.TestDay4" time="0.005"/>
  <testcase name="testReindeerCreation()" classname="com.example.project.TestDay4" time="0.004"/>
  <testcase name="testSimulateRaceWithHardcodedReindeers()" classname="com.example.project.TestDay4" time="0.003"/>
  <system-out><![CDATA[]]></system-out>
  <system-err><![CDATA[]]></system-err>
</testsuite>
